<?xml version="1.0" encoding="UTF-8"?>
<testsuite xmlns:xsi="http://www.w3.org/2001/XMLSchema-instance" xsi:noNamespaceSchemaLocation="https://maven.apache.org/surefire/maven-surefire-plugin/xsd/surefire-test-report-3.0.xsd" version="3.0" name="RestauranteSushiTest" time="0.114" tests="8" errors="0" skipped="0" failures="0">
  <properties>
[...]
</properties>
  <testcase name="testeDescontoVIP" classname="RestauranteSushiTest" time="0.043"/>
  <testcase name="testeDescontoRecorrente" classname="RestauranteSushiTest" time="0.002"/>
  <testcase name="testeValorNaoNulo" classname="RestauranteSushiTest" time="0.006"/>
  <testcase name="testeClienteNovoSemDesconto" classname="RestauranteSushiTest" time="0.002"/>
  <testcase name="testeValorInvalido" classname="RestauranteSushiTest" time="0.003"/>
  <testcase name="testeValorMenorQueOriginalParaVIP" classname="RestauranteSushiTest" time="0.002"/>
  <testcase name="testeTipoClienteInvalido" classname="RestauranteSushiTest" time="0.003"/>
  <testcase name="testeSemDescontoParaNovo" classname="RestauranteSushiTest" time="0.001"/>
</testsuite>